<?xml version="1.0" encoding="UTF-8"?>
<testsuite xmlns:xsi="http://www.w3.org/2001/XMLSchema-instance" xsi:noNamespaceSchemaLocation="https://maven.apache.org/surefire/maven-surefire-plugin/xsd/surefire-test-report-3.0.xsd" version="3.0" name="com.Aditya.sonar_qube.adressbook_test.AddressBookDaoTest" time="0.222" tests="5" errors="0" skipped="0" failures="0">
  <properties>
[...]
</properties>
  <testcase name="testEditContact" classname="com.Aditya.sonar_qube.adressbook_test.AddressBookDaoTest" time="0.064">
    <system-out><![CDATA[Duplicate Contact Found!
]]></system-out>
  </testcase>
  <testcase name="testDeleteContact" classname="com.Aditya.sonar_qube.adressbook_test.AddressBookDaoTest" time="0.005"/>
  <testcase name="testSearchPerson" classname="com.Aditya.sonar_qube.adressbook_test.AddressBookDaoTest" time="0.006">
    <system-out><![CDATA[First Name: Aditya
LastName: Gupta
Adress: Mathura
Phone Number: 1234567895
City: Mathura
State: UP
Zip: 123456
Emaid ID: a@gmail.com
First Name: Rahul
LastName: Sharma
Adress: Agra
Phone Number: 9876543210
City: Agra
State: UP
Zip: 654321
Emaid ID: r@gmail.com
]]></system-out>
  </testcase>
  <testcase name="testDuplicateContact" classname="com.Aditya.sonar_qube.adressbook_test.AddressBookDaoTest" time="0.008">
    <system-out><![CDATA[Duplicate Contact Found!
]]></system-out>
  </testcase>
  <testcase name="testAddContact" classname="com.Aditya.sonar_qube.adressbook_test.AddressBookDaoTest" time="0.004"/>
</testsuite>